Using pre-set license
Built from '6000.0/release' branch; Version is '6000.0.43f1 (97272b72f107) revision 9905963'; Using compiler version '193933523'; Build Type 'Release'
OS: 'Windows 10  (10.0.19045) 64bit Enterprise' Language: 'zh' Physical Memory: 32603 MB
BatchMode: 1, IsHumanControllingUs: 0, StartBugReporterOnCrash: 0, Is64bit: 1, IsPro: 1

COMMAND LINE ARGUMENTS:
D:\unity\version\6000.0.43f1\Editor\Unity.exe
-adb2
-batchMode
-noUpm
-name
AssetImportWorker0
-projectPath
C:/Users/Han/Downloads/3D-Animation-Final-Project-dev/3D-Animation-Final-Project-dev
-logFile
Logs/AssetImportWorker0.log
-srvPort
52994
-job-worker-count
7
-background-job-worker-count
8
-gc-helper-count
1
Successfully changed project path to: C:/Users/Han/Downloads/3D-Animation-Final-Project-dev/3D-Animation-Final-Project-dev
C:/Users/Han/Downloads/3D-Animation-Final-Project-dev/3D-Animation-Final-Project-dev
[UnityMemory] Configuration Parameters - Can be set up in boot.config
    "memorysetup-bucket-allocator-granularity=16"
    "memorysetup-bucket-allocator-bucket-count=8"
    "memorysetup-bucket-allocator-block-size=33554432"
    "memorysetup-bucket-allocator-block-count=8"
    "memorysetup-main-allocator-block-size=16777216"
    "memorysetup-thread-allocator-block-size=16777216"
    "memorysetup-gfx-main-allocator-block-size=16777216"
    "memorysetup-gfx-thread-allocator-block-size=16777216"
    "memorysetup-cache-allocator-block-size=4194304"
    "memorysetup-typetree-allocator-block-size=2097152"
    "memorysetup-profiler-bucket-allocator-granularity=16"
    "memorysetup-profiler-bucket-allocator-bucket-count=8"
    "memorysetup-profiler-bucket-allocator-block-size=33554432"
    "memorysetup-profiler-bucket-allocator-block-count=8"
    "memorysetup-profiler-allocator-block-size=16777216"
    "memorysetup-profiler-editor-allocator-block-size=1048576"
    "memorysetup-temp-allocator-size-main=16777216"
    "memorysetup-job-temp-allocator-block-size=2097152"
    "memorysetup-job-temp-allocator-block-size-background=1048576"
    "memorysetup-job-temp-allocator-reduction-small-platforms=262144"
    "memorysetup-allocator-temp-initial-block-size-main=262144"
    "memorysetup-allocator-temp-initial-block-size-worker=262144"
    "memorysetup-temp-allocator-size-background-worker=32768"
    "memorysetup-temp-allocator-size-job-worker=262144"
    "memorysetup-temp-allocator-size-preload-manager=33554432"
    "memorysetup-temp-allocator-size-nav-mesh-worker=65536"
    "memorysetup-temp-allocator-size-audio-worker=65536"
    "memorysetup-temp-allocator-size-cloud-worker=32768"
    "memorysetup-temp-allocator-size-gi-baking-worker=262144"
    "memorysetup-temp-allocator-size-gi-baking-worker=262144"
    "memorysetup-temp-allocator-size-gi-baking-worker=262144"
    "memorysetup-temp-allocator-size-gi-baking-worker=262144"
    "memorysetup-temp-allocator-size-gi-baking-worker=262144"
    "memorysetup-temp-allocator-size-gfx=262144"
Player connection [16976]  Target information:

Player connection [16976]  * "[IP] 192.168.0.102 [Port] 0 [Flags] 2 [Guid] 2622009400 [EditorId] 2622009400 [Version] 1048832 [Id] WindowsEditor(7,Han) [Debug] 1 [PackageName] WindowsEditor [ProjectName] Editor" 

Player connection [16976] Host joined multi-casting on [225.0.0.222:54997]...
Player connection [16976] Host joined alternative multi-casting on [225.0.0.222:34997]...
JobSystem: Creating JobQueue using job-worker-count value 7
Input System module state changed to: Initialized.
[Physics::Module] Initialized fallback backend.
[Physics::Module] Id: 0xdecafbad
Library Redirect Path: Library/
[Physics::Module] Selected backend.
[Physics::Module] Name: PhysX
[Physics::Module] Id: 0xf2b8ea05
[Physics::Module] SDK Version: 4.1.2
[Physics::Module] Integration Version: 1.0.0
[Physics::Module] Threading Mode: Multi-Threaded
Refreshing native plugins compatible for Editor in 2.58 ms, found 4 plugins.
Preloading 0 native plugins for Editor in 0.00 ms.
Initialize engine version: 6000.0.43f1 (97272b72f107)
[Subsystems] Discovering subsystems at path D:/unity/version/6000.0.43f1/Editor/Data/Resources/UnitySubsystems
[Subsystems] Discovering subsystems at path C:/Users/Han/Downloads/3D-Animation-Final-Project-dev/3D-Animation-Final-Project-dev/Assets
GfxDevice: creating device client; kGfxThreadingModeNonThreaded
Direct3D:
    Version:  Direct3D 11.0 [level 11.1]
    Renderer: NVIDIA GeForce RTX 4070 SUPER (ID=0x2783)
    Vendor:   NVIDIA
    VRAM:     11999 MB
    Driver:   32.0.15.7602
Initialize mono
Mono path[0] = 'D:/unity/version/6000.0.43f1/Editor/Data/Managed'
Mono path[1] = 'D:/unity/version/6000.0.43f1/Editor/Data/MonoBleedingEdge/lib/mono/unityjit-win32'
Mono config path = 'D:/unity/version/6000.0.43f1/Editor/Data/MonoBleedingEdge/etc'
Using monoOptions --debugger-agent=transport=dt_socket,embedding=1,server=y,suspend=n,address=127.0.0.1:56268
Begin MonoManager ReloadAssembly
Registering precompiled unity dll's ...
Register platform support module: D:/unity/version/6000.0.43f1/Editor/Data/PlaybackEngines/WebGLSupport/UnityEditor.WebGL.Extensions.dll
Register platform support module: D:/unity/version/6000.0.43f1/Editor/Data/PlaybackEngines/WindowsStandaloneSupport/UnityEditor.WindowsStandalone.Extensions.dll
Registered in 0.003664 seconds.
- Loaded All Assemblies, in  0.453 seconds
Native extension for WindowsStandalone target not found
Native extension for WebGL target not found
Mono: successfully reloaded assembly
- Finished resetting the current domain, in  0.346 seconds
Domain Reload Profiling: 799ms
	BeginReloadAssembly (170ms)
		ExecutionOrderSort (0ms)
		DisableScriptedObjects (0ms)
		BackupInstance (0ms)
		ReleaseScriptingObjects (0ms)
		CreateAndSetChildDomain (1ms)
	RebuildCommonClasses (40ms)
	RebuildNativeTypeToScriptingClass (14ms)
	initialDomainReloadingComplete (52ms)
	LoadAllAssembliesAndSetupDomain (176ms)
		LoadAssemblies (169ms)
		RebuildTransferFunctionScriptingTraits (0ms)
		AnalyzeDomain (172ms)
			TypeCache.Refresh (170ms)
				TypeCache.ScanAssembly (156ms)
			BuildScriptInfoCaches (0ms)
			ResolveRequiredComponents (1ms)
	FinalizeReload (347ms)
		ReleaseScriptCaches (0ms)
		RebuildScriptCaches (0ms)
		SetupLoadedEditorAssemblies (308ms)
			LogAssemblyErrors (0ms)
			InitializePlatformSupportModulesInManaged (28ms)
			SetLoadedEditorAssemblies (5ms)
			BeforeProcessingInitializeOnLoad (60ms)
			ProcessInitializeOnLoadAttributes (151ms)
			ProcessInitializeOnLoadMethodAttributes (64ms)
			AfterProcessingInitializeOnLoad (0ms)
			EditorAssembliesLoaded (0ms)
		ExecutionOrderSort2 (0ms)
		AwakeInstancesAfterBackupRestoration (0ms)
========================================================================
Worker process is ready to serve import requests
Import Worker Mode flag is 0x00
Begin MonoManager ReloadAssembly
- Loaded All Assemblies, in  0.839 seconds
Refreshing native plugins compatible for Editor in 1.85 ms, found 4 plugins.
Native extension for WindowsStandalone target not found
Native extension for WebGL target not found
Mono: successfully reloaded assembly
- Finished resetting the current domain, in  0.800 seconds
Domain Reload Profiling: 1636ms
	BeginReloadAssembly (188ms)
		ExecutionOrderSort (0ms)
		DisableScriptedObjects (7ms)
		BackupInstance (0ms)
		ReleaseScriptingObjects (0ms)
		CreateAndSetChildDomain (27ms)
	RebuildCommonClasses (40ms)
	RebuildNativeTypeToScriptingClass (14ms)
	initialDomainReloadingComplete (42ms)
	LoadAllAssembliesAndSetupDomain (550ms)
		LoadAssemblies (382ms)
		RebuildTransferFunctionScriptingTraits (0ms)
		AnalyzeDomain (286ms)
			TypeCache.Refresh (201ms)
				TypeCache.ScanAssembly (183ms)
			BuildScriptInfoCaches (69ms)
			ResolveRequiredComponents (12ms)
	FinalizeReload (801ms)
		ReleaseScriptCaches (0ms)
		RebuildScriptCaches (0ms)
		SetupLoadedEditorAssemblies (620ms)
			LogAssemblyErrors (0ms)
			InitializePlatformSupportModulesInManaged (3ms)
			SetLoadedEditorAssemblies (5ms)
			BeforeProcessingInitializeOnLoad (112ms)
			ProcessInitializeOnLoadAttributes (397ms)
			ProcessInitializeOnLoadMethodAttributes (99ms)
			AfterProcessingInitializeOnLoad (3ms)
			EditorAssembliesLoaded (0ms)
		ExecutionOrderSort2 (0ms)
		AwakeInstancesAfterBackupRestoration (7ms)
Launched and connected shader compiler UnityShaderCompiler.exe after 0.01 seconds
Refreshing native plugins compatible for Editor in 2.04 ms, found 4 plugins.
Preloading 0 native plugins for Editor in 0.00 ms.
Unloading 198 Unused Serialized files (Serialized files now loaded: 0)
Unloading 6157 unused Assets / (2.1 MB). Loaded Objects now: 6841.
Memory consumption went from 160.5 MB to 158.4 MB.
Total: 7.751000 ms (FindLiveObjects: 0.789000 ms CreateObjectMapping: 0.453800 ms MarkObjects: 4.712500 ms  DeleteObjects: 1.794400 ms)

========================================================================
Received Import Request.
  Time since last request: 4942.987737 seconds.
  path: Assets/Stagit/SkyboxEarthPlanets/skyboxes/skyboxv1_earthfar.mat
  artifactKey: Guid(d6ee7bd7b98e3e541a4f5561d7198072) Importer(815301076,1909f56bfc062723c751e8b465ee728b)
Start importing Assets/Stagit/SkyboxEarthPlanets/skyboxes/skyboxv1_earthfar.mat using Guid(d6ee7bd7b98e3e541a4f5561d7198072) Importer(815301076,1909f56bfc062723c751e8b465ee728b) (PreviewImporter) -> (artifact id: '7f10365caf4daba3ff406863caa2818d') in 0.9961734 seconds
Number of updated asset objects reloaded before import = 0Number of asset objects unloaded after import = 14

========================================================================
Received Import Request.
  Time since last request: 1.660001 seconds.
  path: Assets/Stagit/SkyboxEarthPlanets/script/skyboxspace_demo_v1.cs
  artifactKey: Guid(31fef554529251f429b3baa00a92fbf4) Importer(815301076,1909f56bfc062723c751e8b465ee728b)
Start importing Assets/Stagit/SkyboxEarthPlanets/script/skyboxspace_demo_v1.cs using Guid(31fef554529251f429b3baa00a92fbf4) Importer(815301076,1909f56bfc062723c751e8b465ee728b) (PreviewImporter) -> (artifact id: '50e0d828958fdde0ab13d306fcdded3e') in 0.0009005 seconds
Number of updated asset objects reloaded before import = 0Number of asset objects unloaded after import = 0

========================================================================
Received Import Request.
  Time since last request: 9.021460 seconds.
  path: Assets/Stagit/SkyboxEarthPlanets/flares
  artifactKey: Guid(ede98835b73601e4e92f0271770b2d18) Importer(815301076,1909f56bfc062723c751e8b465ee728b)
Start importing Assets/Stagit/SkyboxEarthPlanets/flares using Guid(ede98835b73601e4e92f0271770b2d18) Importer(815301076,1909f56bfc062723c751e8b465ee728b) (PreviewImporter) -> (artifact id: 'f2e624fe77e2886b8fad114319314475') in 0.0008484 seconds
Number of updated asset objects reloaded before import = 0Number of asset objects unloaded after import = 0

========================================================================
Received Import Request.
  Time since last request: 0.014433 seconds.
  path: Assets/Stagit/SkyboxEarthPlanets/flares/Sun1.flare
  artifactKey: Guid(d658006f573c00e40a9bc0095afa70fe) Importer(815301076,1909f56bfc062723c751e8b465ee728b)
Start importing Assets/Stagit/SkyboxEarthPlanets/flares/Sun1.flare using Guid(d658006f573c00e40a9bc0095afa70fe) Importer(815301076,1909f56bfc062723c751e8b465ee728b) (PreviewImporter) -> (artifact id: '7d2c23ac25c7ceaeafe14afec6175ac6') in 0.0011283 seconds
Number of updated asset objects reloaded before import = 0Number of asset objects unloaded after import = 1

========================================================================
Received Import Request.
  Time since last request: 0.729575 seconds.
  path: Assets/Stagit/SkyboxEarthPlanets/flares/textures
  artifactKey: Guid(2446ada4588943f4f90d00d1eb7b1f10) Importer(815301076,1909f56bfc062723c751e8b465ee728b)
Start importing Assets/Stagit/SkyboxEarthPlanets/flares/textures using Guid(2446ada4588943f4f90d00d1eb7b1f10) Importer(815301076,1909f56bfc062723c751e8b465ee728b) (PreviewImporter) -> (artifact id: '8b3688bb5bd2b4e8c098d977a6cf10d2') in 0.0009727 seconds
Number of updated asset objects reloaded before import = 0Number of asset objects unloaded after import = 0

========================================================================
Received Import Request.
  Time since last request: 13.461337 seconds.
  path: Assets/Stagit/SkyboxEarthPlanets/textures
  artifactKey: Guid(646741e8389ff4d47a3391f3ae0522a1) Importer(815301076,1909f56bfc062723c751e8b465ee728b)
Start importing Assets/Stagit/SkyboxEarthPlanets/textures using Guid(646741e8389ff4d47a3391f3ae0522a1) Importer(815301076,1909f56bfc062723c751e8b465ee728b) (PreviewImporter) -> (artifact id: '809d7ef2908c29ac79f369aa726a4997') in 0.0006959 seconds
Number of updated asset objects reloaded before import = 0Number of asset objects unloaded after import = 0

========================================================================
Received Import Request.
  Time since last request: 1.272978 seconds.
  path: Assets/Stagit/SkyboxEarthPlanets/textures/skybox_EarthProDemo
  artifactKey: Guid(9aec257199482804291b48ad089ba4bc) Importer(815301076,1909f56bfc062723c751e8b465ee728b)
Start importing Assets/Stagit/SkyboxEarthPlanets/textures/skybox_EarthProDemo using Guid(9aec257199482804291b48ad089ba4bc) Importer(815301076,1909f56bfc062723c751e8b465ee728b) (PreviewImporter) -> (artifact id: 'c0dd06da6851d61e98a857629c2ca2b6') in 0.0005872 seconds
Number of updated asset objects reloaded before import = 0Number of asset objects unloaded after import = 0

========================================================================
Received Import Request.
  Time since last request: 7.613978 seconds.
  path: Assets/Stagit/SkyboxEarthPlanets/skyboxes/skyboxEarthProDemo.mat
  artifactKey: Guid(4b10d730b3896e9458dd8aca903debb8) Importer(815301076,1909f56bfc062723c751e8b465ee728b)
Start importing Assets/Stagit/SkyboxEarthPlanets/skyboxes/skyboxEarthProDemo.mat using Guid(4b10d730b3896e9458dd8aca903debb8) Importer(815301076,1909f56bfc062723c751e8b465ee728b) (PreviewImporter) -> (artifact id: 'a7b37b81ec8051f5a8c7e1c6a2a7d2ed') in 0.0235553 seconds
Number of updated asset objects reloaded before import = 0Number of asset objects unloaded after import = 1

========================================================================
Received Import Request.
  Time since last request: 20.894130 seconds.
  path: Assets/Stagit/SkyboxEarthPlanets/textures/skyboxv1_earthfar
  artifactKey: Guid(274f63d903d37594a892bd6ed5e9d8f7) Importer(815301076,1909f56bfc062723c751e8b465ee728b)
Start importing Assets/Stagit/SkyboxEarthPlanets/textures/skyboxv1_earthfar using Guid(274f63d903d37594a892bd6ed5e9d8f7) Importer(815301076,1909f56bfc062723c751e8b465ee728b) (PreviewImporter) -> (artifact id: '7695257b38fd1028b20d4dd2f5048f76') in 0.0006093 seconds
Number of updated asset objects reloaded before import = 0Number of asset objects unloaded after import = 0

========================================================================
Received Import Request.
  Time since last request: 0.552839 seconds.
  path: Assets/Stagit/SkyboxEarthPlanets/textures/skyboxv1_europe
  artifactKey: Guid(959def57c4c69824d924fde0868066a6) Importer(815301076,1909f56bfc062723c751e8b465ee728b)
Start importing Assets/Stagit/SkyboxEarthPlanets/textures/skyboxv1_europe using Guid(959def57c4c69824d924fde0868066a6) Importer(815301076,1909f56bfc062723c751e8b465ee728b) (PreviewImporter) -> (artifact id: '416d8c86a1497c2f91261ed1b833bf75') in 0.0007695 seconds
Number of updated asset objects reloaded before import = 0Number of asset objects unloaded after import = 0

========================================================================
Received Import Request.
  Time since last request: 0.384120 seconds.
  path: Assets/Stagit/SkyboxEarthPlanets/textures/skyboxv1_europe_night
  artifactKey: Guid(f14a5883a60ab2b43a6c21784d914ed7) Importer(815301076,1909f56bfc062723c751e8b465ee728b)
Start importing Assets/Stagit/SkyboxEarthPlanets/textures/skyboxv1_europe_night using Guid(f14a5883a60ab2b43a6c21784d914ed7) Importer(815301076,1909f56bfc062723c751e8b465ee728b) (PreviewImporter) -> (artifact id: 'a015a24d469b53153c5847fb315a8e42') in 0.000619 seconds
Number of updated asset objects reloaded before import = 0Number of asset objects unloaded after import = 0

========================================================================
Received Import Request.
  Time since last request: 0.351309 seconds.
  path: Assets/Stagit/SkyboxEarthPlanets/textures/skyboxv1_mars2
  artifactKey: Guid(2f64c27f01962ea43870a67ede91e6de) Importer(815301076,1909f56bfc062723c751e8b465ee728b)
Start importing Assets/Stagit/SkyboxEarthPlanets/textures/skyboxv1_mars2 using Guid(2f64c27f01962ea43870a67ede91e6de) Importer(815301076,1909f56bfc062723c751e8b465ee728b) (PreviewImporter) -> (artifact id: '2da0288e0080fd58ea26fdbc39f2dd92') in 0.0006487 seconds
Number of updated asset objects reloaded before import = 0Number of asset objects unloaded after import = 0

========================================================================
Received Import Request.
  Time since last request: 0.394880 seconds.
  path: Assets/Stagit/SkyboxEarthPlanets/textures/skyboxv1_newzealand
  artifactKey: Guid(ffefc805c2365334ea102ce0afb92f34) Importer(815301076,1909f56bfc062723c751e8b465ee728b)
Start importing Assets/Stagit/SkyboxEarthPlanets/textures/skyboxv1_newzealand using Guid(ffefc805c2365334ea102ce0afb92f34) Importer(815301076,1909f56bfc062723c751e8b465ee728b) (PreviewImporter) -> (artifact id: '560e459a8bab6c84490ce6afccba2b4a') in 0.000616 seconds
Number of updated asset objects reloaded before import = 0Number of asset objects unloaded after import = 0

========================================================================
Received Import Request.
  Time since last request: 1.286903 seconds.
  path: Assets/Stagit/SkyboxEarthPlanets/textures/skyboxv1_ocean
  artifactKey: Guid(f51b98777231e3745b1c0aeac52d92df) Importer(815301076,1909f56bfc062723c751e8b465ee728b)
Start importing Assets/Stagit/SkyboxEarthPlanets/textures/skyboxv1_ocean using Guid(f51b98777231e3745b1c0aeac52d92df) Importer(815301076,1909f56bfc062723c751e8b465ee728b) (PreviewImporter) -> (artifact id: '18383ae24cd3101c4cb004faf14ab44a') in 0.0008447 seconds
Number of updated asset objects reloaded before import = 0Number of asset objects unloaded after import = 0

========================================================================
Received Import Request.
  Time since last request: 0.333520 seconds.
  path: Assets/Stagit/SkyboxEarthPlanets/textures/skyboxv1_usa_night
  artifactKey: Guid(ee9386200bf656a4e865eab4976aa06f) Importer(815301076,1909f56bfc062723c751e8b465ee728b)
Start importing Assets/Stagit/SkyboxEarthPlanets/textures/skyboxv1_usa_night using Guid(ee9386200bf656a4e865eab4976aa06f) Importer(815301076,1909f56bfc062723c751e8b465ee728b) (PreviewImporter) -> (artifact id: '29b299ed3b71e567a58b6f35332d8d1b') in 0.0006798 seconds
Number of updated asset objects reloaded before import = 0Number of asset objects unloaded after import = 0

========================================================================
Received Import Request.
  Time since last request: 0.280705 seconds.
  path: Assets/Stagit/SkyboxEarthPlanets/textures/skyboxv1_usa
  artifactKey: Guid(b1400cdabf4f2664c87ce179fcbdd78e) Importer(815301076,1909f56bfc062723c751e8b465ee728b)
Start importing Assets/Stagit/SkyboxEarthPlanets/textures/skyboxv1_usa using Guid(b1400cdabf4f2664c87ce179fcbdd78e) Importer(815301076,1909f56bfc062723c751e8b465ee728b) (PreviewImporter) -> (artifact id: 'cead18fab567913e465b93c22d088bcb') in 0.0006501 seconds
Number of updated asset objects reloaded before import = 0Number of asset objects unloaded after import = 0

========================================================================
Received Import Request.
  Time since last request: 1.004336 seconds.
  path: Assets/Stagit/SkyboxEarthPlanets/textures/skyboxv1_unknown
  artifactKey: Guid(98a9ab585ca6f224bba15da75e999aac) Importer(815301076,1909f56bfc062723c751e8b465ee728b)
Start importing Assets/Stagit/SkyboxEarthPlanets/textures/skyboxv1_unknown using Guid(98a9ab585ca6f224bba15da75e999aac) Importer(815301076,1909f56bfc062723c751e8b465ee728b) (PreviewImporter) -> (artifact id: '9cd232b572511a20145f959083f13ecd') in 0.0008511 seconds
Number of updated asset objects reloaded before import = 0Number of asset objects unloaded after import = 0

========================================================================
Received Import Request.
  Time since last request: 0.565777 seconds.
  path: Assets/Stagit/SkyboxEarthPlanets/textures/skyboxv1_stars_only
  artifactKey: Guid(be57bc91cbd200841997443021b48a07) Importer(815301076,1909f56bfc062723c751e8b465ee728b)
Start importing Assets/Stagit/SkyboxEarthPlanets/textures/skyboxv1_stars_only using Guid(be57bc91cbd200841997443021b48a07) Importer(815301076,1909f56bfc062723c751e8b465ee728b) (PreviewImporter) -> (artifact id: 'f44ac4fb2fd324ed363d7ed5a776b04f') in 0.0006128 seconds
Number of updated asset objects reloaded before import = 0Number of asset objects unloaded after import = 0

========================================================================
Received Import Request.
  Time since last request: 0.362051 seconds.
  path: Assets/Stagit/SkyboxEarthPlanets/textures/skyboxv1_mars3
  artifactKey: Guid(854c6be1ec764c048bbbfeb022c46388) Importer(815301076,1909f56bfc062723c751e8b465ee728b)
Start importing Assets/Stagit/SkyboxEarthPlanets/textures/skyboxv1_mars3 using Guid(854c6be1ec764c048bbbfeb022c46388) Importer(815301076,1909f56bfc062723c751e8b465ee728b) (PreviewImporter) -> (artifact id: '11cbf80e63b5316ae62da4b9d6c17aa5') in 0.0009285 seconds
Number of updated asset objects reloaded before import = 0Number of asset objects unloaded after import = 0

========================================================================
Received Import Request.
  Time since last request: 1.251242 seconds.
  path: Assets/Stagit/SkyboxEarthPlanets/textures/skyboxv1_inbetween_moonearth
  artifactKey: Guid(a9f56b4e366687c4b912fcfa0d4f5592) Importer(815301076,1909f56bfc062723c751e8b465ee728b)
Start importing Assets/Stagit/SkyboxEarthPlanets/textures/skyboxv1_inbetween_moonearth using Guid(a9f56b4e366687c4b912fcfa0d4f5592) Importer(815301076,1909f56bfc062723c751e8b465ee728b) (PreviewImporter) -> (artifact id: '5dfc5c3957eb04ef8e96883b9d9dd783') in 0.0006336 seconds
Number of updated asset objects reloaded before import = 0Number of asset objects unloaded after import = 0

========================================================================
Received Import Request.
  Time since last request: 0.794965 seconds.
  path: Assets/Stagit/SkyboxEarthPlanets/textures/skyboxv1_jupiter
  artifactKey: Guid(3c5a71b9142427a4e81340617a961bd3) Importer(815301076,1909f56bfc062723c751e8b465ee728b)
Start importing Assets/Stagit/SkyboxEarthPlanets/textures/skyboxv1_jupiter using Guid(3c5a71b9142427a4e81340617a961bd3) Importer(815301076,1909f56bfc062723c751e8b465ee728b) (PreviewImporter) -> (artifact id: 'f0d551e3900d7cc174a0771d9bf3b27a') in 0.0006122 seconds
Number of updated asset objects reloaded before import = 0Number of asset objects unloaded after import = 0

========================================================================
Received Import Request.
  Time since last request: 0.468425 seconds.
  path: Assets/Stagit/SkyboxEarthPlanets/textures/skyboxv1_jupiter1
  artifactKey: Guid(5e5833eb8c5100c49bd35c699239451e) Importer(815301076,1909f56bfc062723c751e8b465ee728b)
Start importing Assets/Stagit/SkyboxEarthPlanets/textures/skyboxv1_jupiter1 using Guid(5e5833eb8c5100c49bd35c699239451e) Importer(815301076,1909f56bfc062723c751e8b465ee728b) (PreviewImporter) -> (artifact id: '577bff55b884d24d8c67e9038fa013e6') in 0.0006816 seconds
Number of updated asset objects reloaded before import = 0Number of asset objects unloaded after import = 0

========================================================================
Received Import Request.
  Time since last request: 1.554856 seconds.
  path: Assets/Stagit/SkyboxEarthPlanets/textures/skyboxv1
  artifactKey: Guid(afe7ac01cf4c8ed48bbc21bc7748a9dc) Importer(815301076,1909f56bfc062723c751e8b465ee728b)
Start importing Assets/Stagit/SkyboxEarthPlanets/textures/skyboxv1 using Guid(afe7ac01cf4c8ed48bbc21bc7748a9dc) Importer(815301076,1909f56bfc062723c751e8b465ee728b) (PreviewImporter) -> (artifact id: '32fc6e8b2ebc441248a62d2b6693daa9') in 0.0007569 seconds
Number of updated asset objects reloaded before import = 0Number of asset objects unloaded after import = 0

========================================================================
Received Import Request.
  Time since last request: 4.981559 seconds.
  path: Assets/Stagit/SkyboxEarthPlanets/textures/skyboxv1_asia
  artifactKey: Guid(b1efc024f09c14046bdd941d21dd6268) Importer(815301076,1909f56bfc062723c751e8b465ee728b)
Start importing Assets/Stagit/SkyboxEarthPlanets/textures/skyboxv1_asia using Guid(b1efc024f09c14046bdd941d21dd6268) Importer(815301076,1909f56bfc062723c751e8b465ee728b) (PreviewImporter) -> (artifact id: 'e4af4f57812e29e658f2bd81493f36ed') in 0.0008524 seconds
Number of updated asset objects reloaded before import = 0Number of asset objects unloaded after import = 0

========================================================================
Received Import Request.
  Time since last request: 4.595806 seconds.
  path: Assets/Stagit/SkyboxEarthPlanets/textures/skyboxv1_earth1
  artifactKey: Guid(7e55c8b5ef0c2a94fae154b69af95aad) Importer(815301076,1909f56bfc062723c751e8b465ee728b)
Start importing Assets/Stagit/SkyboxEarthPlanets/textures/skyboxv1_earth1 using Guid(7e55c8b5ef0c2a94fae154b69af95aad) Importer(815301076,1909f56bfc062723c751e8b465ee728b) (PreviewImporter) -> (artifact id: 'fb0ff40d54633b48ff4e5bacf0e88821') in 0.0007699 seconds
Number of updated asset objects reloaded before import = 0Number of asset objects unloaded after import = 0

========================================================================
Received Import Request.
  Time since last request: 14.782918 seconds.
  path: Assets/Stagit/SkyboxEarthPlanets/skyboxes/skyboxv1.mat
  artifactKey: Guid(378bd1206205764499a393a2c4eb1205) Importer(815301076,1909f56bfc062723c751e8b465ee728b)
Start importing Assets/Stagit/SkyboxEarthPlanets/skyboxes/skyboxv1.mat using Guid(378bd1206205764499a393a2c4eb1205) Importer(815301076,1909f56bfc062723c751e8b465ee728b) (PreviewImporter) -> (artifact id: '9ae56da58ac1e789be4481da03a62d86') in 0.0266522 seconds
Number of updated asset objects reloaded before import = 0Number of asset objects unloaded after import = 1

========================================================================
Received Import Request.
  Time since last request: 0.000023 seconds.
  path: Assets/Stagit/SkyboxEarthPlanets/skyboxes/skyboxv1_earthfar.mat
  artifactKey: Guid(d6ee7bd7b98e3e541a4f5561d7198072) Importer(815301076,1909f56bfc062723c751e8b465ee728b)
Start importing Assets/Stagit/SkyboxEarthPlanets/skyboxes/skyboxv1_earthfar.mat using Guid(d6ee7bd7b98e3e541a4f5561d7198072) Importer(815301076,1909f56bfc062723c751e8b465ee728b) (PreviewImporter) -> (artifact id: '1abc099a4efb73fd204ae5a12723bb79') in 0.1566754 seconds
Number of updated asset objects reloaded before import = 0Number of asset objects unloaded after import = 8

========================================================================
Received Import Request.
  Time since last request: 39.523031 seconds.
  path: Assets/Stagit/SkyboxEarthPlanets/skyboxes/skyboxv1_jupiter1.mat
  artifactKey: Guid(9af527704df03ae4794562070544c949) Importer(815301076,1909f56bfc062723c751e8b465ee728b)
Start importing Assets/Stagit/SkyboxEarthPlanets/skyboxes/skyboxv1_jupiter1.mat using Guid(9af527704df03ae4794562070544c949) Importer(815301076,1909f56bfc062723c751e8b465ee728b) (PreviewImporter) -> (artifact id: 'b7871556c51441bb493307b7aaf0489f') in 0.0387036 seconds
Number of updated asset objects reloaded before import = 0Number of asset objects unloaded after import = 1

========================================================================
Received Import Request.
  Time since last request: 0.000027 seconds.
  path: Assets/Stagit/SkyboxEarthPlanets/skyboxes/skyboxv1_mars3.mat
  artifactKey: Guid(11775e6bf4b0e9d47b44f3a1e06e2a4d) Importer(815301076,1909f56bfc062723c751e8b465ee728b)
Start importing Assets/Stagit/SkyboxEarthPlanets/skyboxes/skyboxv1_mars3.mat using Guid(11775e6bf4b0e9d47b44f3a1e06e2a4d) Importer(815301076,1909f56bfc062723c751e8b465ee728b) (PreviewImporter) -> (artifact id: 'a9fdd79d5f01136c138c80755be48e7d') in 0.0084693 seconds
Number of updated asset objects reloaded before import = 0Number of asset objects unloaded after import = 1

Editor requested this worker to shutdown with reason: Scaling down because of idle timeout
AssetImportWorker is now disconnected from the server
Process exiting
Exiting without the bug reporter. Application will terminate with return code 0